<?xml version="1.0" encoding="UTF-8"?>
<!-- Generated by org.testng.reporters.JUnitXMLReporter -->
<testsuite ignored="0" hostname="DESKTOP-G8O6OG0" failures="2" tests="2" name="Default test(failed)" time="6.666" errors="0" timestamp="2026-03-31T21:18:22 IST">
  <testcase classname="com.TestNGDemos.D07AssertionDemo" name="loginToPracticeTest" time="0.53">
    <failure type="java.lang.AssertionError" message="Invalid Credentials!!! expected [true] but found [false]">
      <![CDATA[java.lang.AssertionError: Invalid Credentials!!! expected [true] but found [false]
at com.TestNGDemos.D07AssertionDemo.loginToPracticeTest(D07AssertionDemo.java:30)
at java.base/java.util.ArrayList.forEach(ArrayList.java:1511)
... Removed 30 stack frames]]>
    </failure>
  </testcase> <!-- loginToPracticeTest -->
  <testcase classname="com.TestNGDemos.D07AssertionDemo" name="loginToPracticeTest" time="0.395">
    <failure type="java.lang.AssertionError" message="Invalid Credentials!!! expected [true] but found [false]">
      <![CDATA[java.lang.AssertionError: Invalid Credentials!!! expected [true] but found [false]
at com.TestNGDemos.D07AssertionDemo.loginToPracticeTest(D07AssertionDemo.java:30)
at java.base/java.util.ArrayList.forEach(ArrayList.java:1511)
... Removed 30 stack frames]]>
    </failure>
  </testcase> <!-- loginToPracticeTest -->
</testsuite> <!-- Default test(failed) -->
