<?xml version="1.0" encoding="UTF-8"?>
<testng-results ignored="0" total="1" passed="1" failed="0" skipped="0">
  <reporter-output>
  </reporter-output>
  <suite started-at="2026-04-06T22:09:48 IST" name="Default suite" finished-at="2026-04-06T22:09:52 IST" duration-ms="3198">
    <groups>
    </groups>
    <test started-at="2026-04-06T22:09:48 IST" name="Default test" finished-at="2026-04-06T22:09:52 IST" duration-ms="3198">
      <class name="com.MyTests.D11InvocationTimeoutDemo">
        <test-method signature="myTrialTest()[pri:0, instance:com.MyTests.D11InvocationTimeoutDemo@692f203f]" started-at="2026-04-06T22:09:48 IST" name="myTrialTest" finished-at="2026-04-06T22:09:52 IST" duration-ms="3028" status="PASS">
          <reporter-output>
          </reporter-output>
        </test-method> <!-- myTrialTest -->
      </class> <!-- com.MyTests.D11InvocationTimeoutDemo -->
    </test> <!-- Default test -->
  </suite> <!-- Default suite -->
</testng-results>
