<?xml version="1.0" encoding="UTF-8"?>
<!-- Generated by org.testng.reporters.JUnitReportReporter -->
<testsuite hostname="DESKTOP-G8O6OG0" failures="0" tests="2" name="com.TestNGDemos.D14ReadingFromExcel" time="0.027" errors="0" timestamp="2026-03-30T21:18:57 IST" skipped="1">
  <testcase classname="com.TestNGDemos.D14ReadingFromExcel" name="readAllData" time="0.027"/>
  <testcase classname="com.TestNGDemos.D14ReadingFromExcel" name="readData">
    <skipped/>
  </testcase> <!-- readData -->
</testsuite> <!-- com.TestNGDemos.D14ReadingFromExcel -->
