<?xml version="1.0" encoding="UTF-8"?>
<!-- Generated by org.testng.reporters.JUnitReportReporter -->
<testsuite hostname="DESKTOP-G8O6OG0" failures="0" tests="4" name="com.TestNGDemos.D04BeforeMethod_AfterMethod" time="32.379" errors="0" timestamp="2026-03-23T21:29:10 IST" skipped="0">
  <testcase classname="com.TestNGDemos.D04BeforeMethod_AfterMethod" name="testMyntra" time="9.922"/>
  <testcase classname="com.TestNGDemos.D04BeforeMethod_AfterMethod" name="testAmazon" time="6.128"/>
  <testcase classname="com.TestNGDemos.D04BeforeMethod_AfterMethod" name="testMeesho" time="6.134"/>
  <testcase classname="com.TestNGDemos.D04BeforeMethod_AfterMethod" name="testFlipkart" time="10.195"/>
</testsuite> <!-- com.TestNGDemos.D04BeforeMethod_AfterMethod -->
