<?xml version="1.0" encoding="UTF-8"?>
<!-- Generated by org.testng.reporters.JUnitReportReporter -->
<testsuite hostname="DESKTOP-G8O6OG0" failures="0" tests="5" name="com.TestNGDemos.D15DataDrivenFramework" time="42.008" errors="0" timestamp="2026-03-30T22:13:31 IST" skipped="0">
  <testcase classname="com.TestNGDemos.D15DataDrivenFramework" name="login" time="8.116"/>
  <testcase classname="com.TestNGDemos.D15DataDrivenFramework" name="login" time="16.440"/>
  <testcase classname="com.TestNGDemos.D15DataDrivenFramework" name="login" time="8.284"/>
  <testcase classname="com.TestNGDemos.D15DataDrivenFramework" name="login" time="5.439"/>
  <testcase classname="com.TestNGDemos.D15DataDrivenFramework" name="login" time="3.729"/>
</testsuite> <!-- com.TestNGDemos.D15DataDrivenFramework -->
