<?xml version="1.0" encoding="UTF-8"?>
<!-- Generated by org.testng.reporters.JUnitReportReporter -->
<testsuite hostname="DESKTOP-G8O6OG0" failures="0" tests="4" name="com.TestNGDemos.D03BeforeTest_AfterTest" time="10.569" errors="0" timestamp="2026-03-23T21:16:26 IST" skipped="0">
  <testcase classname="com.TestNGDemos.D03BeforeTest_AfterTest" name="testMyntra" time="4.336"/>
  <testcase classname="com.TestNGDemos.D03BeforeTest_AfterTest" name="testAmazon" time="1.490"/>
  <testcase classname="com.TestNGDemos.D03BeforeTest_AfterTest" name="testMeesho" time="0.893"/>
  <testcase classname="com.TestNGDemos.D03BeforeTest_AfterTest" name="testFlipkart" time="3.850"/>
</testsuite> <!-- com.TestNGDemos.D03BeforeTest_AfterTest -->
