<?xml version="1.0" encoding="UTF-8"?>
<!-- Generated by org.testng.reporters.JUnitReportReporter -->
<testsuite hostname="DESKTOP-G8O6OG0" failures="0" tests="2" name="com.TestNGDemos.D05SeleniumAssignment" time="3.287" errors="0" timestamp="2026-03-24T22:15:10 IST" skipped="0">
  <testcase classname="com.TestNGDemos.D05SeleniumAssignment" name="testProjectsLink" time="2.172"/>
  <testcase classname="com.TestNGDemos.D05SeleniumAssignment" name="testSupportLink" time="1.115"/>
</testsuite> <!-- com.TestNGDemos.D05SeleniumAssignment -->
