<?xml version="1.0" encoding="UTF-8"?>
<!-- Generated by org.testng.reporters.JUnitReportReporter -->
<testsuite hostname="DESKTOP-G8O6OG0" failures="0" tests="3" name="com.Assignments.OHRM_Login_Logout" time="3.842" errors="0" timestamp="2026-03-23T22:08:28 IST" skipped="0">
  <testcase classname="com.Assignments.OHRM_Login_Logout" name="login1" time="1.464"/>
  <testcase classname="com.Assignments.OHRM_Login_Logout" name="login3" time="0.893"/>
  <testcase classname="com.Assignments.OHRM_Login_Logout" name="login2" time="1.485"/>
</testsuite> <!-- com.Assignments.OHRM_Login_Logout -->
