<?xml version="1.0" encoding="UTF-8"?>
<!-- Generated by org.testng.reporters.JUnitReportReporter -->
<testsuite hostname="DESKTOP-G8O6OG0" failures="0" tests="3" name="com.TestNGDemos.D06DataProviderDemo" time="0.052" errors="0" timestamp="2026-03-23T22:21:27 IST" skipped="0">
  <testcase classname="com.TestNGDemos.D06DataProviderDemo" name="f" time="0.024"/>
  <testcase classname="com.TestNGDemos.D06DataProviderDemo" name="f" time="0.006"/>
  <testcase classname="com.TestNGDemos.D06DataProviderDemo" name="f" time="0.022"/>
</testsuite> <!-- com.TestNGDemos.D06DataProviderDemo -->
