<?xml version="1.0" encoding="UTF-8"?>
<!-- Generated by org.testng.reporters.JUnitReportReporter -->
<testsuite hostname="DESKTOP-G8O6OG0" failures="0" tests="5" name="com.TestNGDemos.D07DataProviderDemo" time="31.307" errors="0" timestamp="2026-03-24T22:01:37 IST" skipped="0">
  <testcase classname="com.TestNGDemos.D07DataProviderDemo" name="loginToPracticeTest" time="4.431"/>
  <testcase classname="com.TestNGDemos.D07DataProviderDemo" name="loginToPracticeTest" time="4.338"/>
  <testcase classname="com.TestNGDemos.D07DataProviderDemo" name="loginToPracticeTest" time="10.046"/>
  <testcase classname="com.TestNGDemos.D07DataProviderDemo" name="loginToPracticeTest" time="8.385"/>
  <testcase classname="com.TestNGDemos.D07DataProviderDemo" name="loginToPracticeTest" time="4.107"/>
</testsuite> <!-- com.TestNGDemos.D07DataProviderDemo -->
