<?xml version="1.0" encoding="UTF-8"?>
<!-- Generated by org.testng.reporters.JUnitReportReporter -->
<testsuite hostname="DESKTOP-G8O6OG0" failures="0" tests="4" name="com.TestNGDemos.D02TestOnlineShopingApps" time="30.281" errors="0" timestamp="2026-03-23T20:52:06 IST" skipped="0">
  <testcase classname="com.TestNGDemos.D02TestOnlineShopingApps" name="testMyntra" time="9.164"/>
  <testcase classname="com.TestNGDemos.D02TestOnlineShopingApps" name="testAmazon" time="7.768"/>
  <testcase classname="com.TestNGDemos.D02TestOnlineShopingApps" name="testMeesho" time="3.815"/>
  <testcase classname="com.TestNGDemos.D02TestOnlineShopingApps" name="testFlipkart" time="9.534"/>
</testsuite> <!-- com.TestNGDemos.D02TestOnlineShopingApps -->
