<?xml version="1.0" encoding="UTF-8"?>
<!-- Generated by org.testng.reporters.JUnitReportReporter -->
<testsuite hostname="DESKTOP-G8O6OG0" failures="0" tests="4" name="com.TestNGDemos.D04BeforeMethod_AfterMethod" time="35.897" errors="0" timestamp="2026-03-24T21:10:11 IST" skipped="0">
  <testcase classname="com.TestNGDemos.D04BeforeMethod_AfterMethod" name="testMyntra" time="10.765"/>
  <testcase classname="com.TestNGDemos.D04BeforeMethod_AfterMethod" name="testAmazon" time="6.265"/>
  <testcase classname="com.TestNGDemos.D04BeforeMethod_AfterMethod" name="testMeesho" time="11.011"/>
  <testcase classname="com.TestNGDemos.D04BeforeMethod_AfterMethod" name="testFlipkart" time="7.856"/>
</testsuite> <!-- com.TestNGDemos.D04BeforeMethod_AfterMethod -->
