<?xml version="1.0" encoding="UTF-8"?>
<!-- Generated by org.testng.reporters.JUnitReportReporter -->
<testsuite hostname="DESKTOP-G8O6OG0" failures="0" tests="4" name="com.TestNGDemos.D02TestOnlineShopingApps" time="60.469" errors="0" timestamp="2026-03-25T20:36:35 IST" skipped="0">
  <testcase classname="com.TestNGDemos.D02TestOnlineShopingApps" name="testMyntra" time="19.398"/>
  <testcase classname="com.TestNGDemos.D02TestOnlineShopingApps" name="testAmazon" time="16.680"/>
  <testcase classname="com.TestNGDemos.D02TestOnlineShopingApps" name="testMeesho" time="16.395"/>
  <testcase classname="com.TestNGDemos.D02TestOnlineShopingApps" name="testFlipkart" time="7.996"/>
</testsuite> <!-- com.TestNGDemos.D02TestOnlineShopingApps -->
