<?xml version="1.0" encoding="UTF-8"?>
<!-- Generated by org.testng.reporters.JUnitReportReporter -->
<testsuite hostname="DESKTOP-G8O6OG0" failures="0" tests="5" name="com.MyTests.D08InvocationCountDemo" time="0.032" errors="0" timestamp="2026-04-06T21:55:29 IST" skipped="0">
  <testcase classname="com.MyTests.D08InvocationCountDemo" name="myTest" time="0.003"/>
  <testcase classname="com.MyTests.D08InvocationCountDemo" name="myTest" time="0.005"/>
  <testcase classname="com.MyTests.D08InvocationCountDemo" name="myTest" time="0.002"/>
  <testcase classname="com.MyTests.D08InvocationCountDemo" name="myTest" time="0.016"/>
  <testcase classname="com.MyTests.D08InvocationCountDemo" name="myTest" time="0.006"/>
</testsuite> <!-- com.MyTests.D08InvocationCountDemo -->
