<?xml version="1.0" encoding="UTF-8"?>
<!-- Generated by org.testng.reporters.JUnitReportReporter -->
<testsuite hostname="DESKTOP-G8O6OG0" failures="0" tests="3" name="com.MyTests.D09IndicesDemo" time="0.025" errors="0" timestamp="2026-04-06T21:59:28 IST" skipped="0">
  <testcase classname="com.MyTests.D09IndicesDemo" name="test" time="0.018"/>
  <testcase classname="com.MyTests.D09IndicesDemo" name="test" time="0.004"/>
  <testcase classname="com.MyTests.D09IndicesDemo" name="test" time="0.003"/>
</testsuite> <!-- com.MyTests.D09IndicesDemo -->
