<?xml version="1.0" encoding="UTF-8"?>
<!-- Generated by org.testng.reporters.JUnitXMLReporter -->
<testsuite ignored="2" hostname="DESKTOP-G8O6OG0" failures="0" tests="2" name="Execute Group" time="7.0" errors="0" timestamp="2026-03-24T22:15:10 IST">
  <testcase classname="com.TestNGDemos.D05SeleniumAssignment" name="testProjectsLink" time="0.759"/>
  <testcase classname="com.TestNGDemos.D05SeleniumAssignment" name="testSupportLink" time="0.881"/>
  <testcase classname="com.TestNGDemos.D05SeleniumAssignment" name="testDocumentationLink" time="0.0">
    <ignored/>
  </testcase> <!-- testDocumentationLink -->
  <testcase classname="com.TestNGDemos.D05SeleniumAssignment" name="testDownloadLink" time="0.0">
    <ignored/>
  </testcase> <!-- testDownloadLink -->
</testsuite> <!-- Execute Group -->
