<?xml version="1.0" encoding="UTF-8"?>
<!-- Generated by org.testng.reporters.JUnitXMLReporter -->
<testsuite ignored="3" hostname="DESKTOP-G8O6OG0" failures="0" tests="1" name="Execute single test" time="65.995" errors="0" timestamp="2026-03-24T21:51:18 IST">
  <testcase classname="com.TestNGDemos.D05SeleniumAssignment" name="testProjectsLink" time="20.048"/>
  <testcase classname="com.TestNGDemos.D05SeleniumAssignment" name="testSupportLink" time="0.0">
    <ignored/>
  </testcase> <!-- testSupportLink -->
  <testcase classname="com.TestNGDemos.D05SeleniumAssignment" name="testDownloadLink" time="0.0">
    <ignored/>
  </testcase> <!-- testDownloadLink -->
  <testcase classname="com.TestNGDemos.D05SeleniumAssignment" name="testDocumentationLink" time="0.0">
    <ignored/>
  </testcase> <!-- testDocumentationLink -->
</testsuite> <!-- Execute single test -->
