<?xml version="1.0" encoding="UTF-8"?>
<!-- Generated by org.testng.reporters.JUnitXMLReporter -->
<testsuite ignored="0" hostname="DESKTOP-G8O6OG0" failures="0" tests="9" name="Execute Multiple Tests" time="48.592" errors="0" timestamp="2026-03-24T22:01:36 IST">
  <testcase classname="com.TestNGDemos.D05SeleniumAssignment" name="testDownloadLink" time="1.17"/>
  <testcase classname="com.TestNGDemos.D05SeleniumAssignment" name="testDocumentationLink" time="1.049"/>
  <testcase classname="com.TestNGDemos.D05SeleniumAssignment" name="testProjectsLink" time="1.029"/>
  <testcase classname="com.TestNGDemos.D05SeleniumAssignment" name="testSupportLink" time="0.675"/>
  <testcase classname="com.TestNGDemos.D07DataProviderDemo" name="loginToPracticeTest" time="9.36"/>
  <testcase classname="com.TestNGDemos.D07DataProviderDemo" name="loginToPracticeTest" time="3.519"/>
  <testcase classname="com.TestNGDemos.D07DataProviderDemo" name="loginToPracticeTest" time="4.423"/>
  <testcase classname="com.TestNGDemos.D07DataProviderDemo" name="loginToPracticeTest" time="3.509"/>
  <testcase classname="com.TestNGDemos.D07DataProviderDemo" name="loginToPracticeTest" time="4.323"/>
</testsuite> <!-- Execute Multiple Tests -->
