<?xml version="1.0" encoding="UTF-8"?>
<!-- Generated by org.testng.reporters.JUnitXMLReporter -->
<testsuite ignored="0" hostname="DESKTOP-G8O6OG0" failures="0" tests="3" name="Default test" time="0.372" errors="0" timestamp="2026-03-23T22:21:27 IST">
  <testcase classname="com.TestNGDemos.D06DataProviderDemo" name="f" time="0.023"/>
  <testcase classname="com.TestNGDemos.D06DataProviderDemo" name="f" time="0.019"/>
  <testcase classname="com.TestNGDemos.D06DataProviderDemo" name="f" time="0.006"/>
</testsuite> <!-- Default test -->
