<?xml version="1.0" encoding="UTF-8"?>
<!-- Generated by org.testng.reporters.JUnitXMLReporter -->
<testsuite ignored="1" hostname="DESKTOP-G8O6OG0" failures="0" tests="3" name="Default test" time="7.437" errors="0" timestamp="2026-03-24T21:25:36 IST">
  <testcase classname="com.TestNGDemos.D05SeleniumAssignment" name="testDownloadLink" time="1.382"/>
  <testcase classname="com.TestNGDemos.D05SeleniumAssignment" name="testDocumentationLink" time="0.778"/>
  <testcase classname="com.TestNGDemos.D05SeleniumAssignment" name="testSupportLink" time="0.566"/>
  <testcase classname="com.TestNGDemos.D05SeleniumAssignment" name="testProjectsLink" time="0.0">
    <ignored/>
  </testcase> <!-- testProjectsLink -->
</testsuite> <!-- Default test -->
