<?xml version="1.0" encoding="UTF-8"?>
<!-- Generated by org.testng.reporters.JUnitXMLReporter -->
<testsuite ignored="0" hostname="DESKTOP-G8O6OG0" failures="0" tests="4" name="Parallel Execution" time="24.488" errors="0" timestamp="2026-03-25T20:36:34 IST">
  <testcase classname="com.TestNGDemos.D02TestOnlineShopingApps" name="testMeesho" time="16.395"/>
  <testcase classname="com.TestNGDemos.D02TestOnlineShopingApps" name="testAmazon" time="16.68"/>
  <testcase classname="com.TestNGDemos.D02TestOnlineShopingApps" name="testMyntra" time="19.398"/>
  <testcase classname="com.TestNGDemos.D02TestOnlineShopingApps" name="testFlipkart" time="7.996"/>
</testsuite> <!-- Parallel Execution -->
