<?xml version="1.0" encoding="UTF-8"?>
<!-- Generated by org.testng.reporters.JUnitXMLReporter -->
<testsuite ignored="0" hostname="DESKTOP-G8O6OG0" failures="0" tests="4" name="Parallel Execution" time="35.159" errors="0" timestamp="2026-03-24T22:21:55 IST">
  <testcase classname="com.TestNGDemos.D02TestOnlineShopingApps" name="testMeesho" time="33.895"/>
  <testcase classname="com.TestNGDemos.D02TestOnlineShopingApps" name="testFlipkart" time="34.672"/>
  <testcase classname="com.TestNGDemos.D02TestOnlineShopingApps" name="testAmazon" time="34.705"/>
  <testcase classname="com.TestNGDemos.D02TestOnlineShopingApps" name="testMyntra" time="35.049"/>
</testsuite> <!-- Parallel Execution -->
